2022-02-08T10:38:32 - Improve performance
2022-02-08T13:39:47 - Refactor code structure
2022-02-08T16:39:21 - Minor cleanup
2022-02-08T14:11:09 - Improve performance
2022-02-08T15:06:09 - Add new feature
2022-02-08T17:53:30 - Minor cleanup
2022-02-10T16:17:20 - Remove unused code
2022-02-10T11:13:11 - Initial setup
2022-02-10T18:52:23 - Refactor code structure
2022-02-10T10:26:11 - Minor cleanup
2022-02-10T17:06:41 - Initial setup
2022-02-11T11:12:03 - Refactor code structure
2022-02-11T09:08:37 - Add tests
2022-02-11T14:48:22 - Update documentation
2022-02-11T16:53:17 - Fix bug in logic
2022-02-11T13:51:24 - Remove unused code
2022-02-11T12:07:26 - Improve performance
2022-02-11T13:57:17 - Remove unused code
2022-02-07T18:42:23 - Minor cleanup
2022-02-07T14:30:18 - Update documentation
2022-02-09T17:37:54 - Improve performance
2022-02-09T16:47:06 - Improve UI/UX
2022-02-09T16:35:35 - Add new feature
